<?xml version="1.0" encoding="UTF-8"?>
<!-- Generated by org.testng.reporters.JUnitXMLReporter -->
<testsuite hostname="YUXARM0018L" ignored="0" name="Default test" tests="4" failures="4" timestamp="2020-05-05T15:24:01 COT" time="0.634" errors="0">
  <testcase name="runScenario" time="0.42" classname="io.cucumber.testng.AbstractTestNGCucumberTests">
    <failure type="java.lang.NullPointerException">
      <![CDATA[java.lang.NullPointerException
at java.util.Objects.requireNonNull(Unknown Source)
at org.openqa.selenium.support.ui.FluentWait.<init>(FluentWait.java:106)
at org.openqa.selenium.support.ui.WebDriverWait.<init>(WebDriverWait.java:85)
at org.openqa.selenium.support.ui.WebDriverWait.<init>(WebDriverWait.java:45)
at Helpers.GenericHelper.WaitForElement(GenericHelper.java:15)
at Helpers.GenericHelper.FindElement(GenericHelper.java:27)
at Helpers.ButtonHelper.ClickButton(ButtonHelper.java:10)
at pageObjects.HomePage.ClickLogin(HomePage.java:29)
at stepDefinitions.StepDefinition.i_am_in_the_login_page(StepDefinition.java:27)
at ✽.I am in the login page(file:///C:/Users/marroyave/Documents/Frameworks/E2ECucumberFramework/FrameworkCucumber/src/test/java/appFeatures/LoginTests.feature:6)
]]>
    </failure>
  </testcase> <!-- runScenario -->
  <testcase name="runScenario" time="0.003" classname="io.cucumber.testng.AbstractTestNGCucumberTests">
    <failure type="java.lang.NullPointerException">
      <![CDATA[java.lang.NullPointerException
at java.util.Objects.requireNonNull(Unknown Source)
at org.openqa.selenium.support.ui.FluentWait.<init>(FluentWait.java:106)
at org.openqa.selenium.support.ui.WebDriverWait.<init>(WebDriverWait.java:85)
at org.openqa.selenium.support.ui.WebDriverWait.<init>(WebDriverWait.java:45)
at Helpers.GenericHelper.WaitForElement(GenericHelper.java:15)
at Helpers.GenericHelper.FindElement(GenericHelper.java:27)
at Helpers.ButtonHelper.ClickButton(ButtonHelper.java:10)
at pageObjects.HomePage.ClickLogin(HomePage.java:29)
at stepDefinitions.StepDefinition.i_am_in_the_login_page(StepDefinition.java:27)
at ✽.I am in the login page(file:///C:/Users/marroyave/Documents/Frameworks/E2ECucumberFramework/FrameworkCucumber/src/test/java/appFeatures/LoginTests.feature:6)
]]>
    </failure>
  </testcase> <!-- runScenario -->
  <testcase name="runScenario" time="0.003" classname="io.cucumber.testng.AbstractTestNGCucumberTests">
    <failure type="java.lang.NullPointerException">
      <![CDATA[java.lang.NullPointerException
at java.util.Objects.requireNonNull(Unknown Source)
at org.openqa.selenium.support.ui.FluentWait.<init>(FluentWait.java:106)
at org.openqa.selenium.support.ui.WebDriverWait.<init>(WebDriverWait.java:85)
at org.openqa.selenium.support.ui.WebDriverWait.<init>(WebDriverWait.java:45)
at Helpers.GenericHelper.WaitForElement(GenericHelper.java:15)
at Helpers.GenericHelper.FindElement(GenericHelper.java:27)
at Helpers.ButtonHelper.ClickButton(ButtonHelper.java:10)
at pageObjects.HomePage.ClickLogin(HomePage.java:29)
at stepDefinitions.StepDefinition.i_am_in_the_login_page(StepDefinition.java:27)
at ✽.I am in the login page(file:///C:/Users/marroyave/Documents/Frameworks/E2ECucumberFramework/FrameworkCucumber/src/test/java/appFeatures/LoginTests.feature:19)
]]>
    </failure>
  </testcase> <!-- runScenario -->
  <testcase name="runScenario" time="0.002" classname="io.cucumber.testng.AbstractTestNGCucumberTests">
    <failure type="java.lang.NullPointerException">
      <![CDATA[java.lang.NullPointerException
at java.util.Objects.requireNonNull(Unknown Source)
at org.openqa.selenium.support.ui.FluentWait.<init>(FluentWait.java:106)
at org.openqa.selenium.support.ui.WebDriverWait.<init>(WebDriverWait.java:85)
at org.openqa.selenium.support.ui.WebDriverWait.<init>(WebDriverWait.java:45)
at Helpers.GenericHelper.WaitForElement(GenericHelper.java:15)
at Helpers.GenericHelper.FindElement(GenericHelper.java:27)
at Helpers.ButtonHelper.ClickButton(ButtonHelper.java:10)
at pageObjects.HomePage.ClickLogin(HomePage.java:29)
at stepDefinitions.StepDefinition.i_am_in_the_login_page(StepDefinition.java:27)
at ✽.I am in the login page(file:///C:/Users/marroyave/Documents/Frameworks/E2ECucumberFramework/FrameworkCucumber/src/test/java/appFeatures/LoginTests.feature:25)
]]>
    </failure>
  </testcase> <!-- runScenario -->
</testsuite> <!-- Default test -->
