<?xml version="1.0" encoding="UTF-8"?>
<!-- Generated by org.testng.reporters.JUnitReportReporter -->
<testsuite skipped="0" hostname="YUXARM0018L" name="runners.TestRunner" tests="4" failures="0" timestamp="2020-05-05T15:24:01 COT" time="0.428" errors="4">
  <testcase name="runScenario" time="0.003" classname="runners.TestRunner">
    <error type="java.lang.NullPointerException">
      <![CDATA[java.lang.NullPointerException
at java.util.Objects.requireNonNull(Unknown Source)
at org.openqa.selenium.support.ui.FluentWait.<init>(FluentWait.java:106)
at org.openqa.selenium.support.ui.WebDriverWait.<init>(WebDriverWait.java:85)
at org.openqa.selenium.support.ui.WebDriverWait.<init>(WebDriverWait.java:45)
at Helpers.GenericHelper.WaitForElement(GenericHelper.java:15)
at Helpers.GenericHelper.FindElement(GenericHelper.java:27)
at Helpers.ButtonHelper.ClickButton(ButtonHelper.java:10)
at pageObjects.HomePage.ClickLogin(HomePage.java:29)
at stepDefinitions.StepDefinition.i_am_in_the_login_page(StepDefinition.java:27)
at ✽.I am in the login page(file:///C:/Users/marroyave/Documents/Frameworks/E2ECucumberFramework/FrameworkCucumber/src/test/java/appFeatures/LoginTests.feature:19)
]]>
    </error>
  </testcase> <!-- runScenario -->
  <testcase name="runScenario" time="0.002" classname="runners.TestRunner">
    <error type="java.lang.NullPointerException">
      <![CDATA[java.lang.NullPointerException
at java.util.Objects.requireNonNull(Unknown Source)
at org.openqa.selenium.support.ui.FluentWait.<init>(FluentWait.java:106)
at org.openqa.selenium.support.ui.WebDriverWait.<init>(WebDriverWait.java:85)
at org.openqa.selenium.support.ui.WebDriverWait.<init>(WebDriverWait.java:45)
at Helpers.GenericHelper.WaitForElement(GenericHelper.java:15)
at Helpers.GenericHelper.FindElement(GenericHelper.java:27)
at Helpers.ButtonHelper.ClickButton(ButtonHelper.java:10)
at pageObjects.HomePage.ClickLogin(HomePage.java:29)
at stepDefinitions.StepDefinition.i_am_in_the_login_page(StepDefinition.java:27)
at ✽.I am in the login page(file:///C:/Users/marroyave/Documents/Frameworks/E2ECucumberFramework/FrameworkCucumber/src/test/java/appFeatures/LoginTests.feature:25)
]]>
    </error>
  </testcase> <!-- runScenario -->
  <testcase name="runScenario" time="0.420" classname="runners.TestRunner">
    <error type="java.lang.NullPointerException">
      <![CDATA[java.lang.NullPointerException
at java.util.Objects.requireNonNull(Unknown Source)
at org.openqa.selenium.support.ui.FluentWait.<init>(FluentWait.java:106)
at org.openqa.selenium.support.ui.WebDriverWait.<init>(WebDriverWait.java:85)
at org.openqa.selenium.support.ui.WebDriverWait.<init>(WebDriverWait.java:45)
at Helpers.GenericHelper.WaitForElement(GenericHelper.java:15)
at Helpers.GenericHelper.FindElement(GenericHelper.java:27)
at Helpers.ButtonHelper.ClickButton(ButtonHelper.java:10)
at pageObjects.HomePage.ClickLogin(HomePage.java:29)
at stepDefinitions.StepDefinition.i_am_in_the_login_page(StepDefinition.java:27)
at ✽.I am in the login page(file:///C:/Users/marroyave/Documents/Frameworks/E2ECucumberFramework/FrameworkCucumber/src/test/java/appFeatures/LoginTests.feature:6)
]]>
    </error>
  </testcase> <!-- runScenario -->
  <testcase name="runScenario" time="0.003" classname="runners.TestRunner">
    <error type="java.lang.NullPointerException">
      <![CDATA[java.lang.NullPointerException
at java.util.Objects.requireNonNull(Unknown Source)
at org.openqa.selenium.support.ui.FluentWait.<init>(FluentWait.java:106)
at org.openqa.selenium.support.ui.WebDriverWait.<init>(WebDriverWait.java:85)
at org.openqa.selenium.support.ui.WebDriverWait.<init>(WebDriverWait.java:45)
at Helpers.GenericHelper.WaitForElement(GenericHelper.java:15)
at Helpers.GenericHelper.FindElement(GenericHelper.java:27)
at Helpers.ButtonHelper.ClickButton(ButtonHelper.java:10)
at pageObjects.HomePage.ClickLogin(HomePage.java:29)
at stepDefinitions.StepDefinition.i_am_in_the_login_page(StepDefinition.java:27)
at ✽.I am in the login page(file:///C:/Users/marroyave/Documents/Frameworks/E2ECucumberFramework/FrameworkCucumber/src/test/java/appFeatures/LoginTests.feature:6)
]]>
    </error>
  </testcase> <!-- runScenario -->
</testsuite> <!-- runners.TestRunner -->
